declare -x AUTHZ_TOKEN=""
declare -x BASH_VERSIONS="5.3"
declare -x BOX_ROOT="/var/local/lib/isolate"
declare -x BUNDLE_APP_CONFIG="/usr/local/bundle"
declare -x BUNDLE_PATH="/usr/local/bundle"
declare -x BUNDLE_SILENCE_ROOT_WARNING="1"
declare -x CALLBACKS_MAX_TRIES=""
declare -x CALLBACKS_TIMEOUT=""
declare -x COUNT="40"
declare -x CPU_EXTRA_TIME=""
declare -x CPU_TIME_LIMIT=""
declare -x DISABLE_DATABASE_ENVIRONMENT_CHECK="1"
declare -x DISABLE_IMPLICIT_BASE64_ENCODING=""
declare -x DISALLOW_IP=""
declare -x DISALLOW_ORIGIN=""
declare -x ENABLE_ADDITIONAL_FILES=""
declare -x ENABLE_BATCHED_SUBMISSIONS=""
declare -x ENABLE_CALLBACKS=""
declare -x ENABLE_COMMAND_LINE_ARGUMENTS=""
declare -x ENABLE_COMPILER_OPTIONS=""
declare -x ENABLE_NETWORK=""
declare -x ENABLE_PER_PROCESS_AND_THREAD_MEMORY_LIMIT=""
declare -x ENABLE_PER_PROCESS_AND_THREAD_TIME_LIMIT=""
declare -x ENABLE_SUBMISSION_DELETE=""
declare -x ENABLE_WAIT_RESULT=""
declare -x GEM_HOME="/usr/local/bundle"
declare -x GEM_PATH="/usr/local/bundle:/root/.local/share/gem/ruby/4.0.0:/usr/local/lib/ruby/gems/4.0.0"
declare -x HOME="/home/judge0"
declare -x HOSTNAME="6cb985f35278"
declare -x INTERVAL="0.1"
declare -x JAVA_VERSIONS="21 25"
declare -x JUDGE0_HOMEPAGE="https://judge0.com"
declare -x JUDGE0_MAINTAINER="Herman Zvonimir Došilović <hermanz.dosilovic@gmail.com>"
declare -x JUDGE0_SOURCE_CODE="https://github.com/judge0/judge0"
declare -x JUDGE0_TELEMETRY_ENABLE=""
declare -x JUDGE0_VERSION="1.13.2"
declare -x KOTLIN_VERSIONS="1.9.0 2.3.0"
declare -x LANG="en_US.UTF-8"
declare -x MAINTENANCE_MESSAGE="Judge0 is currently in maintenance."
declare -x MAINTENANCE_MODE=""
declare -x MAX_CPU_EXTRA_TIME=""
declare -x MAX_CPU_TIME_LIMIT=""
declare -x MAX_EXTRACT_SIZE=""
declare -x MAX_FILE_SIZE=""
declare -x MAX_MAX_FILE_SIZE=""
declare -x MAX_MAX_PROCESSES_AND_OR_THREADS=""
declare -x MAX_MEMORY_LIMIT=""
declare -x MAX_NUMBER_OF_RUNS=""
declare -x MAX_PROCESSES_AND_OR_THREADS=""
declare -x MAX_QUEUE_SIZE=""
declare -x MAX_STACK_LIMIT=""
declare -x MAX_SUBMISSION_BATCH_SIZE=""
declare -x MAX_WALL_TIME_LIMIT=""
declare -x MEMORY_LIMIT=""
declare -x NUMBER_OF_RUNS=""
declare -x OLDPWD
declare -x PATH="/usr/local/bundle/bin:/usr/local/bundle/gems/bin:/usr/local/sbin:/usr/local/bin:/usr/sbin:/usr/bin:/sbin:/bin"
declare -x PORT="2358"
declare -x POSTGRES_DB="judge0"
declare -x POSTGRES_HOST="db"
declare -x POSTGRES_PASSWORD="judge0"
declare -x POSTGRES_PORT="5432"
declare -x POSTGRES_USER="judge0"
declare -x PWD="/api"
declare -x QUEUE="1.13.2"
declare -x RAILS_ENV="production"
declare -x RAILS_LOG_TO_STDOUT="true"
declare -x RAILS_MAX_THREADS="20"
declare -x RAILS_SERVER_PROCESSES="2"
declare -x REDIRECT_STDERR_TO_STDOUT=""
declare -x REDIS_DB="0"
declare -x REDIS_HOST="redis"
declare -x REDIS_PASSWORD=""
declare -x REDIS_PORT="6379"
declare -x RESQUE_NAMESPACE=""
declare -x RESTART_MAX_TRIES="10"
declare -x RUBYOPT="-W:no-deprecated"
declare -x SECRET_KEY_BASE="dvbJgf1yonhiTqqO33Ip3KI5Ud5xQwyH0SEhUfZmwDv9a2MFyVDLcl9sDq4sqGNi2GdkuSAj4un7qoRgsf6KLjlPz1HVnxvbmUV3mqnduVW9KQ1Ou2ETqwXULTI17Jeq"
declare -x SHLVL="1"
declare -x STACK_LIMIT=""
declare -x SUBMISSION_CACHE_DURATION=""
declare -x USE_DOCS_AS_HOMEPAGE=""
declare -x WALL_TIME_LIMIT=""
=> Booting Puma
=> Rails 7.2.3 application starting in production 
=> Run `bin/rails server --help` for more startup options
[33] Puma starting in cluster mode...
[33] * Puma version: 6.6.1 ("Return to Forever")
[33] * Ruby version: ruby 4.0.0 (2025-12-25 revision 553f1675f3) +PRISM [x86_64-linux]
[33] *  Min threads: 20
[33] *  Max threads: 20
[33] *  Environment: production
[33] *   Master PID: 33
[33] *      Workers: 2
[33] *     Restarts: (✔) hot (✔) phased (✖) refork
[33] * Listening on http://0.0.0.0:2358
[33] Use Ctrl-C to stop
[33] - Worker 0 (PID: 46) booted in 0.0s, phase: 0
[33] - Worker 1 (PID: 50) booted in 0.0s, phase: 0
